\BOOKMARK [1][]{section.1}{\376\377\000I\000n\000t\000r\000o\000d\000u\000c\000t\000i\000o\000n}{}% 1
\BOOKMARK [2][]{subsection.1.1}{\376\377\000M\000o\000t\000i\000v\000a\000t\000i\000o\000n}{section.1}% 2
\BOOKMARK [2][]{subsection.1.2}{\376\377\000R\000e\000l\000a\000t\000e\000d\000\040\000W\000o\000r\000k}{section.1}% 3
\BOOKMARK [2][]{subsection.1.3}{\376\377\000S\000t\000r\000u\000c\000t\000u\000r\000e}{section.1}% 4
\BOOKMARK [1][]{section.2}{\376\377\000N\000o\000n\000-\000M\000a\000r\000k\000o\000v\000\040\000t\000r\000a\000n\000s\000m\000i\000s\000s\000i\000o\000n}{}% 5
\BOOKMARK [1][]{section.3}{\376\377\000D\000e\000s\000c\000r\000i\000p\000t\000i\000o\000n\000\040\000o\000f\000\040\000t\000h\000e\000\040\000G\000a\000m\000e}{}% 6
\BOOKMARK [2][]{subsection.3.1}{\376\377\000T\000h\000e\000\040\000m\000e\000a\000n\000i\000n\000g\000\040\000o\000f\000\040\000t\000h\000e\000\040\000G\000a\000m\000e\000'\000s\000\040\000e\000l\000e\000m\000e\000n\000t\000s}{section.3}% 7
\BOOKMARK [2][]{subsection.3.2}{\376\377\000A\000n\000\040\000a\000l\000g\000o\000r\000i\000t\000h\000m\000\040\000f\000o\000r\000\040\000t\000h\000e\000\040\000G\000a\000m\000e\000'\000s\000\040\000p\000r\000o\000c\000e\000s\000s}{section.3}% 8
\BOOKMARK [2][]{subsection.3.3}{\376\377\000S\000o\000m\000e\000\040\000b\000o\000o\000k\000k\000e\000e\000p\000i\000n\000g}{section.3}% 9
\BOOKMARK [1][]{section.4}{\376\377\000S\000e\000a\000r\000c\000h\000i\000n\000g\000\040\000f\000o\000r\000\040\000S\000t\000a\000b\000l\000e\000\040\000E\000q\000u\000i\000l\000i\000b\000r\000i\000a}{}% 10
\BOOKMARK [2][]{subsection.4.1}{\376\377\000S\000o\000f\000t\000w\000a\000r\000e\000\040\000I\000m\000p\000l\000e\000m\000e\000n\000t\000a\000t\000i\000o\000n}{section.4}% 11
\BOOKMARK [1][]{section.5}{\376\377\000A\000n\000\040\000E\000x\000a\000m\000p\000l\000e}{}% 12
\BOOKMARK [1][]{section.6}{\376\377\000D\000i\000s\000c\000u\000s\000s\000i\000o\000n}{}% 13
\BOOKMARK [1][]{section.A.}{\376\377\000T\000h\000a\000t\000\040\000a\000l\000l\000\040\000p\000r\000o\000p\000o\000r\000t\000i\000o\000n\000a\000l\000l\000y\000\040\000p\000r\000e\000s\000e\000n\000t\000\040\000s\000t\000r\000a\000t\000e\000g\000i\000e\000s\000\040\000h\000a\000v\000e\000\040\000t\000h\000e\000\040\000s\000a\000m\000e\000\040\000g\000r\000o\000w\000t\000h\000-\000r\000a\000t\000e\000\040\000a\000t\000\040\000e\000q\000u\000i\000l\000i\000b\000r\000i\000u\000m}{}% 14
\BOOKMARK [1][]{section.B.}{\376\377\000T\000h\000a\000t\000\040\000a\000n\000y\000\040\000s\000t\000a\000b\000l\000e\000\040\000e\000q\000u\000i\000l\000i\000b\000r\000i\000u\000m\000\040\000p\000o\000i\000n\000t\000\040\000c\000a\000n\000\040\000a\000l\000w\000a\000y\000s\000\040\000b\000e\000\040\000a\000m\000o\000n\000g\000\040\000p\000u\000r\000e\000\040\000s\000t\000r\000a\000t\000e\000g\000i\000e\000s}{}% 15
\BOOKMARK [2][]{subsection.B.1}{\376\377\000o\000n\000\040\000`\000r\000e\000p\000l\000a\000c\000e\000a\000b\000l\000e\000'\000\040\000s\000t\000r\000a\000t\000e\000g\000y}{section.B.}% 16
\BOOKMARK [2][]{subsection.B.2}{\376\377\000`\000r\000e\000p\000l\000a\000c\000e\000a\000b\000l\000e\000'\000\040\000s\000t\000r\000a\000t\000e\000g\000y\000\040\000t\000e\000r\000m\000s}{section.B.}% 17
\BOOKMARK [1][]{section.C.}{\376\377\000T\000h\000e\000\040\000P\000r\000o\000o\000f\000s}{}% 18
\BOOKMARK [1][]{section.D.}{\376\377\000D\000e\000r\000i\000v\000a\000t\000i\000o\000n\000\040\000o\000f\000\040\000H\000a\000w\000k\000-\000D\000o\000v\000e\000\040\000d\000y\000n\000a\000m\000i\000c\000s}{}% 19
\BOOKMARK [2][]{subsection.D.1}{\376\377\000t\000h\000e\000\040\000i\000n\000t\000e\000r\000i\000o\000r\000\040\000c\000a\000s\000e\000\040\000f\000o\000r\000\040\0001\000>\000>\0000}{section.D.}% 20
\BOOKMARK [2][]{subsection.D.2}{\376\377\000t\000h\000e\000\040\000b\000o\000u\000n\000d\000a\000r\000y\000\040\000c\000a\000s\000e\000\040\000f\000o\000r\000\040\000=\0001}{section.D.}% 21
\BOOKMARK [2][]{subsection.D.3}{\376\377\000t\000h\000e\000\040\000b\000o\000u\000n\000d\000a\000r\000y\000\040\000c\000a\000s\000e\000\040\000f\000o\000r\000\040\000=\0000}{section.D.}% 22
\BOOKMARK [2][]{subsection.D.4}{\376\377\000S\000t\000i\000t\000c\000h\000i\000n\000g\000\040\000i\000t\000\040\000t\000o\000g\000e\000t\000h\000e\000r}{section.D.}% 23
\BOOKMARK [1][]{section.E.}{\376\377\000E\000x\000a\000m\000p\000l\000e\000\040\000P\000y\000t\000h\000o\000n\000\040\000s\000o\000u\000r\000c\000e\000-\000c\000o\000d\000e\000\040\000f\000o\000r\000\040\000M\000o\000r\000a\000n\000\040\000P\000r\000o\000c\000e\000s\000s\000\040\000s\000i\000m\000u\000l\000a\000t\000i\000o\000n}{}% 24
\BOOKMARK [1][]{section.F.}{\376\377\000A\000\040\000t\000i\000t\000-\000f\000o\000r\000-\000t\000a\000t\000\040\000e\000x\000a\000m\000p\000l\000e}{}% 25
